# This is the CMakeCache file.
# For build in directory: /home/runner/work/ptusa_main/ptusa_main/_codeql_build_dir
# It was generated by CMake: /usr/local/bin/cmake
# You can edit this file to change values found and used by cmake.
# If you do not want to change any of the values, simply exit the editor.
# If you do want to change a value, simply edit, save, and exit the editor.
# The syntax for the file is as follows:
# KEY:TYPE=VALUE
# KEY is the name of a variable in the cache.
# TYPE is a hint to GUIs for the type of VALUE, DO NOT EDIT TYPE!.
# VALUE is the current value for the KEY.

########################
# EXTERNAL cache entries
########################

//Build a 32 bit version of the library.
BENCHMARK_BUILD_32_BITS:BOOL=OFF

//Flags used by the C++ compiler during coverage builds.
BENCHMARK_CXX_FLAGS_COVERAGE:STRING=-g

//Allow the downloading and in-tree building of unmet dependencies
BENCHMARK_DOWNLOAD_DEPENDENCIES:BOOL=OFF

//Enable building and running the assembly tests
BENCHMARK_ENABLE_ASSEMBLY_TESTS:BOOL=OFF

//Build documentation with Doxygen.
BENCHMARK_ENABLE_DOXYGEN:BOOL=OFF

//Enable the use of exceptions in the benchmark library.
BENCHMARK_ENABLE_EXCEPTIONS:BOOL=ON

//Enable building the unit tests which depend on gtest
BENCHMARK_ENABLE_GTEST_TESTS:BOOL=ON

//Enable installation of benchmark. (Projects embedding benchmark
// may want to turn this OFF.)
BENCHMARK_ENABLE_INSTALL:BOOL=ON

//Enable performance counters provided by libpfm
BENCHMARK_ENABLE_LIBPFM:BOOL=OFF

//Enable link time optimisation of the benchmark library.
BENCHMARK_ENABLE_LTO:BOOL=OFF

//Build Release candidates with -Werror.
BENCHMARK_ENABLE_WERROR:BOOL=ON

//Flags used for linking binaries during coverage builds.
BENCHMARK_EXE_LINKER_FLAGS_COVERAGE:STRING=

//Build Release candidates with -Werror regardless of compiler
// issues.
BENCHMARK_FORCE_WERROR:BOOL=OFF

//Enable installation of documentation.
BENCHMARK_INSTALL_DOCS:BOOL=ON

//Enable installation of tools.
BENCHMARK_INSTALL_TOOLS:BOOL=ON

//Flags used by the shared libraries linker during coverage builds.
BENCHMARK_SHARED_LINKER_FLAGS_COVERAGE:STRING=

//Use bundled GoogleTest. If disabled, the find_package(GTest)
// will be used.
BENCHMARK_USE_BUNDLED_GTEST:BOOL=ON

//Build and test using libc++ as the standard library.
BENCHMARK_USE_LIBCXX:BOOL=OFF

//Path to a program.
BIBER_COMPILER:FILEPATH=BIBER_COMPILER-NOTFOUND

//Path to a program.
BIBTEX_COMPILER:FILEPATH=BIBTEX_COMPILER-NOTFOUND

//No help, variable specified on the command line.
BUILD_DOCS:UNINITIALIZED=OFF

//No help, variable specified on the command line.
BUILD_DOCUMENTATION:UNINITIALIZED=OFF

//Builds the googlemock subproject
BUILD_GMOCK:BOOL=ON

//Build shared libraries
BUILD_SHARED_LIBS:BOOL=ON

//Build the testing tree.
BUILD_TESTING:BOOL=ON

//No help, variable specified on the command line.
CATKIN_ENABLE_TESTING:UNINITIALIZED=OFF

//Path to a program.
CLANG_FORMAT_EXE:FILEPATH=/usr/bin/clang-format

//Path to a program.
CLANG_FORMAT_PROGRAM:FILEPATH=/usr/bin/clang-format

//Path to a program.
CLANG_TIDY_PROGRAM:FILEPATH=/usr/bin/clang-tidy

//Path to a program.
CMAKE_ADDR2LINE:FILEPATH=/usr/bin/addr2line

//Path to a program.
CMAKE_AR:FILEPATH=/usr/bin/ar

//Choose the type of build, options are: None Debug Release RelWithDebInfo
// MinSizeRel ...
CMAKE_BUILD_TYPE:STRING=Release

CMAKE_BUILD_WITH_INSTALL_RPATH:STRING=FALSE

//Enable/Disable color output during build.
CMAKE_COLOR_MAKEFILE:BOOL=ON

//CXX compiler
CMAKE_CXX_COMPILER:FILEPATH=/home/runner/work/ptusa_main/.codeql-scratch/dbs/cpp/working/autobuild/bin/c++

//A wrapper around 'ar' adding the appropriate '--plugin' option
// for the GCC compiler
CMAKE_CXX_COMPILER_AR:FILEPATH=/usr/bin/gcc-ar-13

//A wrapper around 'ranlib' adding the appropriate '--plugin' option
// for the GCC compiler
CMAKE_CXX_COMPILER_RANLIB:FILEPATH=/usr/bin/gcc-ranlib-13

//Flags used by the CXX compiler during all build types.
CMAKE_CXX_FLAGS:STRING=

//Flags used by the CXX compiler during DEBUG builds.
CMAKE_CXX_FLAGS_DEBUG:STRING=-g

//Flags used by the CXX compiler during MINSIZEREL builds.
CMAKE_CXX_FLAGS_MINSIZEREL:STRING=-Os -DNDEBUG

//Flags used by the CXX compiler during RELEASE builds.
CMAKE_CXX_FLAGS_RELEASE:STRING=-O3 -DNDEBUG

//Flags used by the CXX compiler during RELWITHDEBINFO builds.
CMAKE_CXX_FLAGS_RELWITHDEBINFO:STRING=-O2 -g -DNDEBUG

//C compiler
CMAKE_C_COMPILER:FILEPATH=/home/runner/work/ptusa_main/.codeql-scratch/dbs/cpp/working/autobuild/bin/cc

//A wrapper around 'ar' adding the appropriate '--plugin' option
// for the GCC compiler
CMAKE_C_COMPILER_AR:FILEPATH=/usr/bin/gcc-ar-13

//A wrapper around 'ranlib' adding the appropriate '--plugin' option
// for the GCC compiler
CMAKE_C_COMPILER_RANLIB:FILEPATH=/usr/bin/gcc-ranlib-13

//Flags used by the C compiler during DEBUG builds.
CMAKE_C_FLAGS_DEBUG:STRING=-g

//Flags used by the C compiler during MINSIZEREL builds.
CMAKE_C_FLAGS_MINSIZEREL:STRING=-Os -DNDEBUG

//Flags used by the C compiler during RELEASE builds.
CMAKE_C_FLAGS_RELEASE:STRING=-O3 -DNDEBUG

//Flags used by the C compiler during RELWITHDEBINFO builds.
CMAKE_C_FLAGS_RELWITHDEBINFO:STRING=-O2 -g -DNDEBUG

//Path to a program.
CMAKE_DLLTOOL:FILEPATH=CMAKE_DLLTOOL-NOTFOUND

//Flags used by the linker during all build types.
CMAKE_EXE_LINKER_FLAGS:STRING=

//Flags used by the linker during DEBUG builds.
CMAKE_EXE_LINKER_FLAGS_DEBUG:STRING=

//Flags used by the linker during MINSIZEREL builds.
CMAKE_EXE_LINKER_FLAGS_MINSIZEREL:STRING=

//Flags used by the linker during RELEASE builds.
CMAKE_EXE_LINKER_FLAGS_RELEASE:STRING=

//Flags used by the linker during RELWITHDEBINFO builds.
CMAKE_EXE_LINKER_FLAGS_RELWITHDEBINFO:STRING=

//Enable/Disable output of compile commands during generation.
CMAKE_EXPORT_COMPILE_COMMANDS:BOOL=

//Value Computed by CMake.
CMAKE_FIND_PACKAGE_REDIRECTS_DIR:STATIC=/home/runner/work/ptusa_main/ptusa_main/_codeql_build_dir/CMakeFiles/pkgRedirects

//User executables (bin)
CMAKE_INSTALL_BINDIR:PATH=bin

//Read-only architecture-independent data (DATAROOTDIR)
CMAKE_INSTALL_DATADIR:PATH=

//Read-only architecture-independent data root (share)
CMAKE_INSTALL_DATAROOTDIR:PATH=share

//Documentation root (DATAROOTDIR/doc/PROJECT_NAME)
CMAKE_INSTALL_DOCDIR:PATH=

//C header files (include)
CMAKE_INSTALL_INCLUDEDIR:PATH=include

//Info documentation (DATAROOTDIR/info)
CMAKE_INSTALL_INFODIR:PATH=

//Object code libraries (lib)
CMAKE_INSTALL_LIBDIR:PATH=lib

//Program executables (libexec)
CMAKE_INSTALL_LIBEXECDIR:PATH=libexec

//Locale-dependent data (DATAROOTDIR/locale)
CMAKE_INSTALL_LOCALEDIR:PATH=

//Modifiable single-machine data (var)
CMAKE_INSTALL_LOCALSTATEDIR:PATH=var

//Man documentation (DATAROOTDIR/man)
CMAKE_INSTALL_MANDIR:PATH=

CMAKE_INSTALL_NAME_DIR:STRING=@executable_path/../lib

//C header files for non-gcc (/usr/include)
CMAKE_INSTALL_OLDINCLUDEDIR:PATH=/usr/include

//Install path prefix, prepended onto install directories.
CMAKE_INSTALL_PREFIX:PATH=/usr/local

CMAKE_INSTALL_PYTOOLSDIR:PATH=share/googlebenchmark/tools

CMAKE_INSTALL_RPATH:STRING=$ORIGIN/../lib

CMAKE_INSTALL_RPATH_USE_LINK_PATH:STRING=TRUE

//Run-time variable data (LOCALSTATEDIR/run)
CMAKE_INSTALL_RUNSTATEDIR:PATH=

//System admin executables (sbin)
CMAKE_INSTALL_SBINDIR:PATH=sbin

//Modifiable architecture-independent data (com)
CMAKE_INSTALL_SHAREDSTATEDIR:PATH=com

//Read-only single-machine data (etc)
CMAKE_INSTALL_SYSCONFDIR:PATH=etc

//Path to a program.
CMAKE_LINKER:FILEPATH=/usr/bin/ld

//Path to a program.
CMAKE_MAKE_PROGRAM:FILEPATH=/usr/bin/gmake

//Flags used by the linker during the creation of modules during
// all build types.
CMAKE_MODULE_LINKER_FLAGS:STRING=

//Flags used by the linker during the creation of modules during
// DEBUG builds.
CMAKE_MODULE_LINKER_FLAGS_DEBUG:STRING=

//Flags used by the linker during the creation of modules during
// MINSIZEREL builds.
CMAKE_MODULE_LINKER_FLAGS_MINSIZEREL:STRING=

//Flags used by the linker during the creation of modules during
// RELEASE builds.
CMAKE_MODULE_LINKER_FLAGS_RELEASE:STRING=

//Flags used by the linker during the creation of modules during
// RELWITHDEBINFO builds.
CMAKE_MODULE_LINKER_FLAGS_RELWITHDEBINFO:STRING=

//Path to a program.
CMAKE_NM:FILEPATH=/usr/bin/nm

//Path to a program.
CMAKE_OBJCOPY:FILEPATH=/usr/bin/objcopy

//Path to a program.
CMAKE_OBJDUMP:FILEPATH=/usr/bin/objdump

//Value Computed by CMake
CMAKE_PROJECT_DESCRIPTION:STATIC=

//Value Computed by CMake
CMAKE_PROJECT_HOMEPAGE_URL:STATIC=

//Value Computed by CMake
CMAKE_PROJECT_NAME:STATIC=ptusa_main

//Value Computed by CMake
CMAKE_PROJECT_VERSION:STATIC=2025.9.9.5

//Value Computed by CMake
CMAKE_PROJECT_VERSION_MAJOR:STATIC=2025

//Value Computed by CMake
CMAKE_PROJECT_VERSION_MINOR:STATIC=9

//Value Computed by CMake
CMAKE_PROJECT_VERSION_PATCH:STATIC=9

//Value Computed by CMake
CMAKE_PROJECT_VERSION_TWEAK:STATIC=5

//Path to a program.
CMAKE_RANLIB:FILEPATH=/usr/bin/ranlib

//Path to a program.
CMAKE_READELF:FILEPATH=/usr/bin/readelf

//Flags used by the linker during the creation of shared libraries
// during all build types.
CMAKE_SHARED_LINKER_FLAGS:STRING=

//Flags used by the linker during the creation of shared libraries
// during DEBUG builds.
CMAKE_SHARED_LINKER_FLAGS_DEBUG:STRING=

//Flags used by the linker during the creation of shared libraries
// during MINSIZEREL builds.
CMAKE_SHARED_LINKER_FLAGS_MINSIZEREL:STRING=

//Flags used by the linker during the creation of shared libraries
// during RELEASE builds.
CMAKE_SHARED_LINKER_FLAGS_RELEASE:STRING=

//Flags used by the linker during the creation of shared libraries
// during RELWITHDEBINFO builds.
CMAKE_SHARED_LINKER_FLAGS_RELWITHDEBINFO:STRING=

CMAKE_SKIP_BUILD_RPATH:STRING=FALSE

//If set, runtime paths are not added when installing shared libraries,
// but are added when building.
CMAKE_SKIP_INSTALL_RPATH:BOOL=NO

//If set, runtime paths are not added when using shared libraries.
CMAKE_SKIP_RPATH:BOOL=NO

//Flags used by the linker during the creation of static libraries
// during all build types.
CMAKE_STATIC_LINKER_FLAGS:STRING=

//Flags used by the linker during the creation of static libraries
// during DEBUG builds.
CMAKE_STATIC_LINKER_FLAGS_DEBUG:STRING=

//Flags used by the linker during the creation of static libraries
// during MINSIZEREL builds.
CMAKE_STATIC_LINKER_FLAGS_MINSIZEREL:STRING=

//Flags used by the linker during the creation of static libraries
// during RELEASE builds.
CMAKE_STATIC_LINKER_FLAGS_RELEASE:STRING=

//Flags used by the linker during the creation of static libraries
// during RELWITHDEBINFO builds.
CMAKE_STATIC_LINKER_FLAGS_RELWITHDEBINFO:STRING=

//Path to a program.
CMAKE_STRIP:FILEPATH=/usr/bin/strip

//Path to a program.
CMAKE_TAPI:FILEPATH=CMAKE_TAPI-NOTFOUND

//If this value is on, makefiles will be generated without the
// .SILENT directive, and all commands will be echoed to the console
// during the make.  This is useful for debugging only. With Visual
// Studio IDE projects all commands are done without /nologo.
CMAKE_VERBOSE_MAKEFILE:BOOL=ON

//Enable coverage reporting
CODE_COVERAGE:BOOL=OFF

//Path to the coverage program that CTest uses for performing coverage
// inspection
COVERAGE_COMMAND:FILEPATH=/usr/bin/gcov

//Extra command line flags to pass to the coverage tool
COVERAGE_EXTRA_FLAGS:STRING=-l

//Enable to build Debian packages
CPACK_BINARY_DEB:BOOL=OFF

//Enable to build FreeBSD packages
CPACK_BINARY_FREEBSD:BOOL=OFF

//Enable to build IFW packages
CPACK_BINARY_IFW:BOOL=OFF

//Enable to build NSIS packages
CPACK_BINARY_NSIS:BOOL=OFF

//Enable to build RPM packages
CPACK_BINARY_RPM:BOOL=OFF

//Enable to build STGZ packages
CPACK_BINARY_STGZ:BOOL=ON

//Enable to build TBZ2 packages
CPACK_BINARY_TBZ2:BOOL=OFF

//Enable to build TGZ packages
CPACK_BINARY_TGZ:BOOL=ON

//Enable to build TXZ packages
CPACK_BINARY_TXZ:BOOL=OFF

//Enable to build TZ packages
CPACK_BINARY_TZ:BOOL=ON

//Enable to build RPM source packages
CPACK_SOURCE_RPM:BOOL=OFF

//Enable to build TBZ2 source packages
CPACK_SOURCE_TBZ2:BOOL=ON

//Enable to build TGZ source packages
CPACK_SOURCE_TGZ:BOOL=ON

//Enable to build TXZ source packages
CPACK_SOURCE_TXZ:BOOL=ON

//Enable to build TZ source packages
CPACK_SOURCE_TZ:BOOL=ON

//Enable to build ZIP source packages
CPACK_SOURCE_ZIP:BOOL=OFF

//How many times to retry timed-out CTest submissions.
CTEST_SUBMIT_RETRY_COUNT:STRING=3

//How long to wait between timed-out CTest submissions.
CTEST_SUBMIT_RETRY_DELAY:STRING=5

//Path to a library.
CURSES_CURSES_LIBRARY:FILEPATH=/usr/lib/x86_64-linux-gnu/libcurses.so

//Path to a library.
CURSES_FORM_LIBRARY:FILEPATH=/usr/lib/x86_64-linux-gnu/libform.so

//Path to a file.
CURSES_INCLUDE_PATH:PATH=/usr/include

//Path to a library.
CURSES_NCURSES_LIBRARY:FILEPATH=/usr/lib/x86_64-linux-gnu/libncurses.so

//OFF
CXXFEATURECHECK_DEBUG:BOOL=OFF

//Set to ON to build examples
CXXOPTS_BUILD_EXAMPLES:BOOL=OFF

//Set to ON to build tests
CXXOPTS_BUILD_TESTS:BOOL=OFF

//Generate the install target
CXXOPTS_ENABLE_INSTALL:BOOL=OFF

//Add warnings to CMAKE_CXX_FLAGS
CXXOPTS_ENABLE_WARNINGS:BOOL=OFF

//Use ICU Unicode library
CXXOPTS_USE_UNICODE_HELP:BOOL=OFF

//Maximum time allowed before CTest will kill the test.
DART_TESTING_TIMEOUT:STRING=1500

//Path to a library.
DL_LIBRARY:FILEPATH=/usr/lib/x86_64-linux-gnu/libdl.a

//Path to a program.
DVIPDF_CONVERTER:FILEPATH=DVIPDF_CONVERTER-NOTFOUND

//Path to a program.
DVIPS_CONVERTER:FILEPATH=DVIPS_CONVERTER-NOTFOUND

//Value Computed by CMake
FMT_BINARY_DIR:STATIC=/home/runner/work/ptusa_main/ptusa_main/_codeql_build_dir/deps/fmt

//Generate the cuda-test target.
FMT_CUDA_TEST:BOOL=OFF

//Debug library postfix.
FMT_DEBUG_POSTFIX:STRING=d

//Generate the doc target.
FMT_DOC:BOOL=OFF

//Generate the fuzz target.
FMT_FUZZ:BOOL=OFF

//Installation directory for include files, a relative path that
// will be joined with /usr/local or an absolute path.
FMT_INC_DIR:STRING=include

//Generate the install target.
FMT_INSTALL:BOOL=OFF

//Value Computed by CMake
FMT_IS_TOP_LEVEL:STATIC=OFF

//Build a module instead of a traditional library.
FMT_MODULE:BOOL=OFF

//Include OS-specific APIs.
FMT_OS:BOOL=ON

//Enable extra warnings and expensive tests.
FMT_PEDANTIC:BOOL=OFF

//Value Computed by CMake
FMT_SOURCE_DIR:STATIC=/home/runner/work/ptusa_main/ptusa_main/deps/fmt

//Expose headers with marking them as system.
FMT_SYSTEM_HEADERS:BOOL=OFF

//Generate the test target.
FMT_TEST:BOOL=OFF

//Enable Unicode support.
FMT_UNICODE:BOOL=ON

//Halt the compilation with an error on compiler warnings.
FMT_WERROR:BOOL=OFF

//Path to a program.
GITCOMMAND:FILEPATH=/usr/bin/git

//Git command line client
GIT_EXECUTABLE:FILEPATH=/usr/bin/git

//Use Abseil and RE2. Requires Abseil and RE2 to be separately
// added to the build.
GTEST_HAS_ABSL:BOOL=OFF

//Path to a program.
HTLATEX_COMPILER:FILEPATH=HTLATEX_COMPILER-NOTFOUND

//Where to install binaries to.
INSTALL_BIN:PATH=bin

//Directory to install Lua binary modules.
INSTALL_CMOD:PATH=lib/lua

//Directory the package can store documentation, tests or other
// data in.
INSTALL_DATA:PATH=share/lua

//Recommended directory to install documentation into.
INSTALL_DOC:PATH=share/lua/doc

//Where to store configuration files
INSTALL_ETC:PATH=etc

//Recommended directory to install examples into.
INSTALL_EXAMPLE:PATH=share/lua/example

//Where to install additional files
INSTALL_FOO:PATH=share/lua/etc

//Where to install headers to.
INSTALL_INC:PATH=include

//Where to install libraries to.
INSTALL_LIB:PATH=lib

//Directory to install Lua modules.
INSTALL_LMOD:PATH=lib/lua

//Directory for shared data.
INSTALL_SHARE:PATH=share

//Recommended directory to install tests into.
INSTALL_TEST:PATH=share/lua/test

//Install runtime libraries and executables with version information.
INSTALL_VERSION:BOOL=OFF

//Path to a program.
LATEX2HTML_CONVERTER:FILEPATH=LATEX2HTML_CONVERTER-NOTFOUND

//Path to a program.
LATEX_COMPILER:FILEPATH=LATEX_COMPILER-NOTFOUND

//Path to a program.
LLVM_FILECHECK_EXE:FILEPATH=LLVM_FILECHECK_EXE-NOTFOUND

//Path to a program.
LUALATEX_COMPILER:FILEPATH=LUALATEX_COMPILER-NOTFOUND

//Use only ansi features.
LUA_ANSI:BOOL=OFF

//Environment variable to use as package.cpath.
LUA_CPATH:STRING=LUA_CPATH

//Path to a program.
LUA_EXECUTABLE:FILEPATH=LUA_EXECUTABLE-NOTFOUND

//gives the maximum size for the description of the source.
LUA_IDSIZE:STRING=60

//Environment variable for initial script.
LUA_INIT:STRING=LUA_INIT

//Path to a library.
LUA_LIBRARY:FILEPATH=LUA_LIBRARY-NOTFOUND

//Is the maximum length for an input line in the stand-alone interpreter.
LUA_MAXINPUT:STRING=512

//Environment variable to use as package.path.
LUA_PATH:STRING=LUA_PATH

//Is the default prompt used by stand-alone Lua.
LUA_PROMPT:STRING='> '

//Is the default continuation prompt used by stand-alone Lua.
LUA_PROMPT2:STRING='>> '

//Use curses in the Lua CLI.
LUA_USE_CURSES:BOOL=ON

//Use dynamic linker to load modules.
LUA_USE_DLOPEN:BOOL=ON

//Use tty.
LUA_USE_ISATTY:BOOL=ON

//Use mkstep.
LUA_USE_MKSTEMP:BOOL=ON

//Use popen.
LUA_USE_POPEN:BOOL=ON

//Use POSIX functionality.
LUA_USE_POSIX:BOOL=ON

//Use modified loadlib.c with support for relative paths on posix
// systems.
LUA_USE_RELATIVE_LOADLIB:BOOL=ON

//Use ulongjmp
LUA_USE_ULONGJMP:BOOL=ON

//Command to build the project
MAKECOMMAND:STRING=/usr/local/bin/cmake --build . --config "${CTEST_CONFIGURATION_TYPE}"

//Path to a program.
MAKEINDEX_COMPILER:FILEPATH=MAKEINDEX_COMPILER-NOTFOUND

//Path to a library.
MATH_LIBRARY:FILEPATH=/usr/lib/x86_64-linux-gnu/libm.so

//Path to the memory checking command, used for memory error detection.
MEMORYCHECK_COMMAND:FILEPATH=MEMORYCHECK_COMMAND-NOTFOUND

//File that contains suppressions for the memory checker
MEMORYCHECK_SUPPRESSIONS_FILE:FILEPATH=

//Path to a program.
PDFLATEX_COMPILER:FILEPATH=PDFLATEX_COMPILER-NOTFOUND

//Path to a program.
PDFTOPS_CONVERTER:FILEPATH=PDFTOPS_CONVERTER-NOTFOUND

//Arguments to supply to pkg-config
PKG_CONFIG_ARGN:STRING=

//pkg-config executable
PKG_CONFIG_EXECUTABLE:FILEPATH=/usr/bin/pkg-config

//Path to a program.
PS2PDF_CONVERTER:FILEPATH=PS2PDF_CONVERTER-NOTFOUND

//Path to a file.
READLINE_INCLUDE_DIR:PATH=READLINE_INCLUDE_DIR-NOTFOUND

//Path to a library.
READLINE_LIBRARY:FILEPATH=READLINE_LIBRARY-NOTFOUND

//Name of the computer/site where compile is being run
SITE:STRING=runnervmwhb2z

//Do not build and install Lua executable wrappers.
SKIP_LUA_WRAPPER:BOOL=OFF

//Sphinx documentation generator
SPHINX_EXECUTABLE:FILEPATH=SPHINX_EXECUTABLE-NOTFOUND

//Configure for compiling 32-bit binaries (on 64-bit systems)
SUBHOOK_FORCE_32BIT:BOOL=OFF

//Enable installation and packaging of targets/files with CPack
SUBHOOK_INSTALL:BOOL=OFF

//Build as a static library
SUBHOOK_STATIC:BOOL=ON

//Enable tests
SUBHOOK_TESTS:BOOL=OFF

//Create an architecture-independent amalgamation if UA_ENABLE_AMALGAMATION
// is ON
UA_AMALGAMATION_MULTIARCH:BOOL=OFF

UA_ARCHITECTURE:STRING=posix

//Build example servers and clients
UA_BUILD_EXAMPLES:BOOL=OFF

//Build the fuzzing executables
UA_BUILD_FUZZING:BOOL=OFF

//Build the fuzzing corpus
UA_BUILD_FUZZING_CORPUS:BOOL=OFF

//Special build switch used in oss-fuzz
UA_BUILD_OSS_FUZZ:BOOL=OFF

//Build OPC UA shell tools
UA_BUILD_TOOLS:BOOL=OFF

//Build the unit tests
UA_BUILD_UNIT_TESTS:BOOL=OFF

//Enable assertions and additional functionality that should not
// be included in release builds
UA_DEBUG:BOOL=OFF

//Dump every package received by the server as hexdump format
UA_DEBUG_DUMP_PKGS:BOOL=OFF

//Enable file and line information as additional debugging output
// for error messages
UA_DEBUG_FILE_LINE_INFO:BOOL=OFF

//Enable reuseaddr (only for tests)
UA_ENABLE_ALLOW_REUSEADDR:BOOL=OFF

//Concatenate the library to a single file open62541.h/.c
UA_ENABLE_AMALGAMATION:BOOL=OFF

//Enable specifying directory for rejected certificates (with mbedTLS)
UA_ENABLE_CERT_REJECTED_DIR:BOOL=OFF

//Enable clang coverage
UA_ENABLE_CLANG_COV:BOOL=OFF

//Enable gcov coverage
UA_ENABLE_COVERAGE:BOOL=OFF

//Enable OPC UA DataAccess (Part 8) definitions
UA_ENABLE_DA:BOOL=ON

//Generate all datatypes for namespace zero (uses more binary space)
UA_ENABLE_DATATYPES_ALL:BOOL=ON

//Use sanitizer in debug mode
UA_ENABLE_DEBUG_SANITIZER:BOOL=ON

//Do not seed the random number generator (e.g. for unit tests).
UA_ENABLE_DETERMINISTIC_RNG:BOOL=OFF

//Enable diagnostics information exposed by the server
UA_ENABLE_DIAGNOSTICS:BOOL=ON

//Enable Discovery Service (LDS)
UA_ENABLE_DISCOVERY:BOOL=ON

//Enable Discovery Service with multicast support (LDS-ME)
UA_ENABLE_DISCOVERY_MULTICAST:BOOL=OFF

//Enable Discovery Semaphore support
UA_ENABLE_DISCOVERY_SEMAPHORE:BOOL=ON

//Encryption support (LibreSSL EXPERIMENTAL)
UA_ENABLE_ENCRYPTION:STRING=OFF

//Deprecated: Enable encryption support (uses mbedTLS)
UA_ENABLE_ENCRYPTION_MBEDTLS:BOOL=OFF

//Deprecated: Enable encryption support (uses openssl)
UA_ENABLE_ENCRYPTION_OPENSSL:BOOL=OFF

//TPM encryption support
UA_ENABLE_ENCRYPTION_TPM2:STRING=OFF

//Enable Hardening measures (e.g. Stack-Protectors and Fortify)
UA_ENABLE_HARDENING:BOOL=ON

//Enable basic support for historical access (client and server)
UA_ENABLE_HISTORIZING:BOOL=ON

//Nodes in the information model are not edited but copied and
// replaced
UA_ENABLE_IMMUTABLE_NODES:BOOL=OFF

//Export 'static inline' methods as regular API
UA_ENABLE_INLINABLE_EXPORT:BOOL=OFF

//Enable JSON encoding
UA_ENABLE_JSON_ENCODING:BOOL=ON

//Use a global variable pointer for malloc (and free, ...) that
// can be switched at runtime
UA_ENABLE_MALLOC_SINGLETON:BOOL=OFF

//Enable the Method service set
UA_ENABLE_METHODCALLS:BOOL=ON

//Enable MQTT connections for the EventLoop
UA_ENABLE_MQTT:BOOL=OFF

//Enable dynamic addition and removal of nodes at runtime
UA_ENABLE_NODEMANAGEMENT:BOOL=ON

//Enable nodesetLoader public API
UA_ENABLE_NODESETLOADER:BOOL=OFF

//Set node description attribute for nodeset compiler generated
// nodes
UA_ENABLE_NODESET_COMPILER_DESCRIPTIONS:BOOL=ON

//Utility functions that require parsing (e.g. NodeId expressions)
UA_ENABLE_PARSING:BOOL=ON

//Enable the PubSub protocol
UA_ENABLE_PUBSUB:BOOL=ON

//Enable allocation with static memory buffer for time critical
// PubSub parts
UA_ENABLE_PUBSUB_BUFMALLOC:BOOL=OFF

//Enable encryption of the PubSub payload
UA_ENABLE_PUBSUB_ENCRYPTION:BOOL=OFF

//Enable loading PubSub Config from file extension
UA_ENABLE_PUBSUB_FILE_CONFIG:BOOL=OFF

//Enable PubSub information model twin
UA_ENABLE_PUBSUB_INFORMATIONMODEL:BOOL=ON

//Enable monitoring of PubSub components (e.g. MessageReceiveTimeout)
UA_ENABLE_PUBSUB_MONITORING:BOOL=OFF

//Enable Security Key Service support for publisher and subscriber
UA_ENABLE_PUBSUB_SKS:BOOL=OFF

//Enable query support in the client (most servers don't support
// it)
UA_ENABLE_QUERY:BOOL=OFF

//Enable installed static analyzer during build process (off/minimal/reduced/full)
UA_ENABLE_STATIC_ANALYZER:STRING=OFF

//Enable conversion of StatusCode to human-readable error message
UA_ENABLE_STATUSCODE_DESCRIPTIONS:BOOL=ON

//Enable subscriptions support
UA_ENABLE_SUBSCRIPTIONS:BOOL=ON

//Enable the use of A&C. (EXPERIMENTAL)
UA_ENABLE_SUBSCRIPTIONS_ALARMS_CONDITIONS:BOOL=OFF

//Enable event monitoring
UA_ENABLE_SUBSCRIPTIONS_EVENTS:BOOL=ON

//Add the type and member names to the UA_DataType structure
UA_ENABLE_TYPEDESCRIPTION:BOOL=ON

//Use Valgrind (Linux) or DrMemory (Windows) to detect memory leaks
// when running the unit tests
UA_ENABLE_UNIT_TESTS_MEMCHECK:BOOL=OFF

//Enable XML encoding (EXPERIMENTAL)
UA_ENABLE_XML_ENCODING:BOOL=OFF

//Override the NodeSet xml file used to generate namespace zero
UA_FILE_NS0:BOOL=OFF

//File containing blacklisted nodes which should not be included
// in the generated nodeset code.
UA_FILE_NS0_BLACKLIST:BOOL=OFF

//Force compilation as 32-bit executable
UA_FORCE_32BIT:BOOL=OFF

//Force compilation with -Werror (or /WX on MSVC)
UA_FORCE_WERROR:BOOL=OFF

//Minimal level for logs (in addition to the log plugin settings)
// (100=TRACE, 200=DEBUG, 300=INFO, 400=WARNING, 500=ERROR, 600=FATAL)
UA_LOGLEVEL:STRING=100

//Force linking with the static C-runtime library when compiling
// to static library with MSVC
UA_MSVC_FORCE_STATIC_CRT:BOOL=ON

//Multithreading support (<100: No multithreading support, >=100:
// Thread-safety enabled (internal mutexes)
UA_MULTITHREADING:STRING=100

//Completeness of the generated namespace zero (minimal/reduced/full)
UA_NAMESPACE_ZERO:STRING=REDUCED

//The path to the node-set directory (e.g. from https://github.com/OPCFoundation/UA-Nodeset)
UA_NODESET_DIR:STRING=/home/runner/work/ptusa_main/ptusa_main/deps/open62541/open62541/deps/ua-nodeset

//Use OPC UA
USE_OPCUA:BOOL=ON

//Use relative linking.
USE_RPATH:BOOL=ON

//Path to a program.
XELATEX_COMPILER:FILEPATH=XELATEX_COMPILER-NOTFOUND

//Path to a program.
XINDY_COMPILER:FILEPATH=XINDY_COMPILER-NOTFOUND

//Enable building libminizip contrib library
ZLIB_BUILD_MINIZIP:BOOL=OFF

//Enable building zlib static library
ZLIB_BUILD_STATIC:BOOL=ON

//zconf.h.cmakein was created
ZLIB_CONF_WRITTEN:BOOL=TRUE

//prefix for all types and library functions, see zconf.h.in
ZLIB_PREFIX:BOOL=OFF

//Value Computed by CMake
benchmark_BINARY_DIR:STATIC=/home/runner/work/ptusa_main/ptusa_main/_codeql_build_dir/deps/benchmark

//Value Computed by CMake
benchmark_IS_TOP_LEVEL:STATIC=OFF

//Value Computed by CMake
benchmark_SOURCE_DIR:STATIC=/home/runner/work/ptusa_main/ptusa_main/deps/benchmark

//Value Computed by CMake
cxxopts_BINARY_DIR:STATIC=/home/runner/work/ptusa_main/ptusa_main/_codeql_build_dir/deps/cxxopts/cxxopts

//Value Computed by CMake
cxxopts_IS_TOP_LEVEL:STATIC=OFF

//Value Computed by CMake
cxxopts_SOURCE_DIR:STATIC=/home/runner/work/ptusa_main/ptusa_main/deps/cxxopts/cxxopts

//Value Computed by CMake
gmock_BINARY_DIR:STATIC=/home/runner/work/ptusa_main/ptusa_main/_codeql_build_dir/deps/googletest/googlemock

//Value Computed by CMake
gmock_IS_TOP_LEVEL:STATIC=OFF

//Value Computed by CMake
gmock_SOURCE_DIR:STATIC=/home/runner/work/ptusa_main/ptusa_main/deps/googletest/googlemock

//Build all of Google Mock's own tests.
gmock_build_tests:BOOL=OFF

//Value Computed by CMake
googletest-distribution_BINARY_DIR:STATIC=/home/runner/work/ptusa_main/ptusa_main/_codeql_build_dir/deps/googletest

//Value Computed by CMake
googletest-distribution_IS_TOP_LEVEL:STATIC=OFF

//Value Computed by CMake
googletest-distribution_SOURCE_DIR:STATIC=/home/runner/work/ptusa_main/ptusa_main/deps/googletest

//Value Computed by CMake
gtest_BINARY_DIR:STATIC=/home/runner/work/ptusa_main/ptusa_main/_codeql_build_dir/deps/googletest/googletest

//Value Computed by CMake
gtest_IS_TOP_LEVEL:STATIC=OFF

//Value Computed by CMake
gtest_SOURCE_DIR:STATIC=/home/runner/work/ptusa_main/ptusa_main/deps/googletest/googletest

//Build gtest's sample programs.
gtest_build_samples:BOOL=OFF

//Build all of gtest's own tests.
gtest_build_tests:BOOL=OFF

//Disable uses of pthreads in gtest.
gtest_disable_pthreads:BOOL=OFF

//Use shared (DLL) run-time lib even when Google Test is built
// as static lib.
gtest_force_shared_crt:BOOL=OFF

//Build gtest with internal symbols hidden in shared libraries.
gtest_hide_internal_symbols:BOOL=OFF

//Dependencies for the target
liblua_LIB_DEPENDS:STATIC=general;/usr/lib/x86_64-linux-gnu/libm.so;general;/usr/lib/x86_64-linux-gnu/libdl.a;general;/usr/lib/x86_64-linux-gnu/libcurses.so;

//Dependencies for the target
liblua_static_LIB_DEPENDS:STATIC=general;/usr/lib/x86_64-linux-gnu/libm.so;general;/usr/lib/x86_64-linux-gnu/libdl.a;general;/usr/lib/x86_64-linux-gnu/libcurses.so;

//Value Computed by CMake
lua_BINARY_DIR:STATIC=/home/runner/work/ptusa_main/ptusa_main/_codeql_build_dir/deps/lua/lua

//Value Computed by CMake
lua_IS_TOP_LEVEL:STATIC=OFF

//Value Computed by CMake
lua_SOURCE_DIR:STATIC=/home/runner/work/ptusa_main/ptusa_main/deps/lua/lua

//Value Computed by CMake
open62541_BINARY_DIR:STATIC=/home/runner/work/ptusa_main/ptusa_main/_codeql_build_dir/deps/open62541/open62541

//Value Computed by CMake
open62541_IS_TOP_LEVEL:STATIC=OFF

//Value Computed by CMake
open62541_SOURCE_DIR:STATIC=/home/runner/work/ptusa_main/ptusa_main/deps/open62541/open62541

//Path to a library.
pkgcfg_lib_NCURSES_ncurses:FILEPATH=/usr/lib/x86_64-linux-gnu/libncurses.so

//Path to a library.
pkgcfg_lib_NCURSES_tinfo:FILEPATH=/usr/lib/x86_64-linux-gnu/libtinfo.so

//Value Computed by CMake
ptusa_main_BINARY_DIR:STATIC=/home/runner/work/ptusa_main/ptusa_main/_codeql_build_dir

//Value Computed by CMake
ptusa_main_IS_TOP_LEVEL:STATIC=ON

//Value Computed by CMake
ptusa_main_SOURCE_DIR:STATIC=/home/runner/work/ptusa_main/ptusa_main

//Value Computed by CMake
subhook_BINARY_DIR:STATIC=/home/runner/work/ptusa_main/ptusa_main/_codeql_build_dir/deps/subhook/subhook

//Value Computed by CMake
subhook_IS_TOP_LEVEL:STATIC=OFF

//Value Computed by CMake
subhook_SOURCE_DIR:STATIC=/home/runner/work/ptusa_main/ptusa_main/deps/subhook/subhook

//Value Computed by CMake
toluapp_BINARY_DIR:STATIC=/home/runner/work/ptusa_main/ptusa_main/_codeql_build_dir/deps/toluapp/toluapp

//Value Computed by CMake
toluapp_IS_TOP_LEVEL:STATIC=OFF

//Value Computed by CMake
toluapp_SOURCE_DIR:STATIC=/home/runner/work/ptusa_main/ptusa_main/deps/toluapp/toluapp

//Dependencies for the target
toluapp_lib_LIB_DEPENDS:STATIC=general;liblua;

//Value Computed by CMake
zlib_BINARY_DIR:STATIC=/home/runner/work/ptusa_main/ptusa_main/_codeql_build_dir/deps/zlib/zlib

//Value Computed by CMake
zlib_IS_TOP_LEVEL:STATIC=OFF

//Value Computed by CMake
zlib_SOURCE_DIR:STATIC=/home/runner/work/ptusa_main/ptusa_main/deps/zlib/zlib


########################
# INTERNAL cache entries
########################

//ADVANCED property for variable: BENCHMARK_CXX_FLAGS_COVERAGE
BENCHMARK_CXX_FLAGS_COVERAGE-ADVANCED:INTERNAL=1
//ADVANCED property for variable: BENCHMARK_EXE_LINKER_FLAGS_COVERAGE
BENCHMARK_EXE_LINKER_FLAGS_COVERAGE-ADVANCED:INTERNAL=1
//ADVANCED property for variable: BENCHMARK_SHARED_LINKER_FLAGS_COVERAGE
BENCHMARK_SHARED_LINKER_FLAGS_COVERAGE-ADVANCED:INTERNAL=1
//ADVANCED property for variable: BIBER_COMPILER
BIBER_COMPILER-ADVANCED:INTERNAL=1
//ADVANCED property for variable: BIBTEX_COMPILER
BIBTEX_COMPILER-ADVANCED:INTERNAL=1
//ADVANCED property for variable: CLANG_FORMAT_PROGRAM
CLANG_FORMAT_PROGRAM-ADVANCED:INTERNAL=1
//ADVANCED property for variable: CLANG_TIDY_PROGRAM
CLANG_TIDY_PROGRAM-ADVANCED:INTERNAL=1
//ADVANCED property for variable: CMAKE_ADDR2LINE
CMAKE_ADDR2LINE-ADVANCED:INTERNAL=1
//ADVANCED property for variable: CMAKE_AR
CMAKE_AR-ADVANCED:INTERNAL=1
//This is the directory where this CMakeCache.txt was created
CMAKE_CACHEFILE_DIR:INTERNAL=/home/runner/work/ptusa_main/ptusa_main/_codeql_build_dir
//Major version of cmake used to create the current loaded cache
CMAKE_CACHE_MAJOR_VERSION:INTERNAL=3
//Minor version of cmake used to create the current loaded cache
CMAKE_CACHE_MINOR_VERSION:INTERNAL=31
//Patch version of cmake used to create the current loaded cache
CMAKE_CACHE_PATCH_VERSION:INTERNAL=6
//ADVANCED property for variable: CMAKE_COLOR_MAKEFILE
CMAKE_COLOR_MAKEFILE-ADVANCED:INTERNAL=1
//Path to CMake executable.
CMAKE_COMMAND:INTERNAL=/usr/local/bin/cmake
//Path to cpack program executable.
CMAKE_CPACK_COMMAND:INTERNAL=/usr/local/bin/cpack
//ADVANCED property for variable: CMAKE_CTEST_COMMAND
CMAKE_CTEST_COMMAND-ADVANCED:INTERNAL=1
//Path to ctest program executable.
CMAKE_CTEST_COMMAND:INTERNAL=/usr/local/bin/ctest
//ADVANCED property for variable: CMAKE_CXX_COMPILER
CMAKE_CXX_COMPILER-ADVANCED:INTERNAL=1
//ADVANCED property for variable: CMAKE_CXX_COMPILER_AR
CMAKE_CXX_COMPILER_AR-ADVANCED:INTERNAL=1
//ADVANCED property for variable: CMAKE_CXX_COMPILER_RANLIB
CMAKE_CXX_COMPILER_RANLIB-ADVANCED:INTERNAL=1
//ADVANCED property for variable: CMAKE_CXX_FLAGS
CMAKE_CXX_FLAGS-ADVANCED:INTERNAL=1
//ADVANCED property for variable: CMAKE_CXX_FLAGS_DEBUG
CMAKE_CXX_FLAGS_DEBUG-ADVANCED:INTERNAL=1
//ADVANCED property for variable: CMAKE_CXX_FLAGS_MINSIZEREL
CMAKE_CXX_FLAGS_MINSIZEREL-ADVANCED:INTERNAL=1
//ADVANCED property for variable: CMAKE_CXX_FLAGS_RELEASE
CMAKE_CXX_FLAGS_RELEASE-ADVANCED:INTERNAL=1
//ADVANCED property for variable: CMAKE_CXX_FLAGS_RELWITHDEBINFO
CMAKE_CXX_FLAGS_RELWITHDEBINFO-ADVANCED:INTERNAL=1
//ADVANCED property for variable: CMAKE_C_COMPILER
CMAKE_C_COMPILER-ADVANCED:INTERNAL=1
//ADVANCED property for variable: CMAKE_C_COMPILER_AR
CMAKE_C_COMPILER_AR-ADVANCED:INTERNAL=1
//ADVANCED property for variable: CMAKE_C_COMPILER_RANLIB
CMAKE_C_COMPILER_RANLIB-ADVANCED:INTERNAL=1
//ADVANCED property for variable: CMAKE_C_FLAGS
CMAKE_C_FLAGS-ADVANCED:INTERNAL=1
//C Compiler Flags
CMAKE_C_FLAGS:INTERNAL= -fPIC -fno-math-errno
//ADVANCED property for variable: CMAKE_C_FLAGS_DEBUG
CMAKE_C_FLAGS_DEBUG-ADVANCED:INTERNAL=1
//ADVANCED property for variable: CMAKE_C_FLAGS_MINSIZEREL
CMAKE_C_FLAGS_MINSIZEREL-ADVANCED:INTERNAL=1
//ADVANCED property for variable: CMAKE_C_FLAGS_RELEASE
CMAKE_C_FLAGS_RELEASE-ADVANCED:INTERNAL=1
//ADVANCED property for variable: CMAKE_C_FLAGS_RELWITHDEBINFO
CMAKE_C_FLAGS_RELWITHDEBINFO-ADVANCED:INTERNAL=1
//ADVANCED property for variable: CMAKE_DLLTOOL
CMAKE_DLLTOOL-ADVANCED:INTERNAL=1
//Path to cache edit program executable.
CMAKE_EDIT_COMMAND:INTERNAL=/usr/local/bin/ccmake
//Executable file format
CMAKE_EXECUTABLE_FORMAT:INTERNAL=ELF
//ADVANCED property for variable: CMAKE_EXE_LINKER_FLAGS
CMAKE_EXE_LINKER_FLAGS-ADVANCED:INTERNAL=1
//ADVANCED property for variable: CMAKE_EXE_LINKER_FLAGS_DEBUG
CMAKE_EXE_LINKER_FLAGS_DEBUG-ADVANCED:INTERNAL=1
//ADVANCED property for variable: CMAKE_EXE_LINKER_FLAGS_MINSIZEREL
CMAKE_EXE_LINKER_FLAGS_MINSIZEREL-ADVANCED:INTERNAL=1
//ADVANCED property for variable: CMAKE_EXE_LINKER_FLAGS_RELEASE
CMAKE_EXE_LINKER_FLAGS_RELEASE-ADVANCED:INTERNAL=1
//ADVANCED property for variable: CMAKE_EXE_LINKER_FLAGS_RELWITHDEBINFO
CMAKE_EXE_LINKER_FLAGS_RELWITHDEBINFO-ADVANCED:INTERNAL=1
//ADVANCED property for variable: CMAKE_EXPORT_COMPILE_COMMANDS
CMAKE_EXPORT_COMPILE_COMMANDS-ADVANCED:INTERNAL=1
//Name of external makefile project generator.
CMAKE_EXTRA_GENERATOR:INTERNAL=
//Name of generator.
CMAKE_GENERATOR:INTERNAL=Unix Makefiles
//Generator instance identifier.
CMAKE_GENERATOR_INSTANCE:INTERNAL=
//Name of generator platform.
CMAKE_GENERATOR_PLATFORM:INTERNAL=
//Name of generator toolset.
CMAKE_GENERATOR_TOOLSET:INTERNAL=
//Test CMAKE_HAVE_LIBC_PTHREAD
CMAKE_HAVE_LIBC_PTHREAD:INTERNAL=1
//Source directory with the top level CMakeLists.txt file for this
// project
CMAKE_HOME_DIRECTORY:INTERNAL=/home/runner/work/ptusa_main/ptusa_main
//ADVANCED property for variable: CMAKE_INSTALL_BINDIR
CMAKE_INSTALL_BINDIR-ADVANCED:INTERNAL=1
//ADVANCED property for variable: CMAKE_INSTALL_DATADIR
CMAKE_INSTALL_DATADIR-ADVANCED:INTERNAL=1
//ADVANCED property for variable: CMAKE_INSTALL_DATAROOTDIR
CMAKE_INSTALL_DATAROOTDIR-ADVANCED:INTERNAL=1
//ADVANCED property for variable: CMAKE_INSTALL_DOCDIR
CMAKE_INSTALL_DOCDIR-ADVANCED:INTERNAL=1
//ADVANCED property for variable: CMAKE_INSTALL_INCLUDEDIR
CMAKE_INSTALL_INCLUDEDIR-ADVANCED:INTERNAL=1
//ADVANCED property for variable: CMAKE_INSTALL_INFODIR
CMAKE_INSTALL_INFODIR-ADVANCED:INTERNAL=1
//ADVANCED property for variable: CMAKE_INSTALL_LIBDIR
CMAKE_INSTALL_LIBDIR-ADVANCED:INTERNAL=1
//ADVANCED property for variable: CMAKE_INSTALL_LIBEXECDIR
CMAKE_INSTALL_LIBEXECDIR-ADVANCED:INTERNAL=1
//ADVANCED property for variable: CMAKE_INSTALL_LOCALEDIR
CMAKE_INSTALL_LOCALEDIR-ADVANCED:INTERNAL=1
//ADVANCED property for variable: CMAKE_INSTALL_LOCALSTATEDIR
CMAKE_INSTALL_LOCALSTATEDIR-ADVANCED:INTERNAL=1
//ADVANCED property for variable: CMAKE_INSTALL_MANDIR
CMAKE_INSTALL_MANDIR-ADVANCED:INTERNAL=1
//ADVANCED property for variable: CMAKE_INSTALL_OLDINCLUDEDIR
CMAKE_INSTALL_OLDINCLUDEDIR-ADVANCED:INTERNAL=1
//ADVANCED property for variable: CMAKE_INSTALL_RUNSTATEDIR
CMAKE_INSTALL_RUNSTATEDIR-ADVANCED:INTERNAL=1
//ADVANCED property for variable: CMAKE_INSTALL_SBINDIR
CMAKE_INSTALL_SBINDIR-ADVANCED:INTERNAL=1
//ADVANCED property for variable: CMAKE_INSTALL_SHAREDSTATEDIR
CMAKE_INSTALL_SHAREDSTATEDIR-ADVANCED:INTERNAL=1
//Install .so files without execute permission.
CMAKE_INSTALL_SO_NO_EXE:INTERNAL=1
//ADVANCED property for variable: CMAKE_INSTALL_SYSCONFDIR
CMAKE_INSTALL_SYSCONFDIR-ADVANCED:INTERNAL=1
//ADVANCED property for variable: CMAKE_LINKER
CMAKE_LINKER-ADVANCED:INTERNAL=1
//ADVANCED property for variable: CMAKE_MAKE_PROGRAM
CMAKE_MAKE_PROGRAM-ADVANCED:INTERNAL=1
//ADVANCED property for variable: CMAKE_MODULE_LINKER_FLAGS
CMAKE_MODULE_LINKER_FLAGS-ADVANCED:INTERNAL=1
//ADVANCED property for variable: CMAKE_MODULE_LINKER_FLAGS_DEBUG
CMAKE_MODULE_LINKER_FLAGS_DEBUG-ADVANCED:INTERNAL=1
//ADVANCED property for variable: CMAKE_MODULE_LINKER_FLAGS_MINSIZEREL
CMAKE_MODULE_LINKER_FLAGS_MINSIZEREL-ADVANCED:INTERNAL=1
//ADVANCED property for variable: CMAKE_MODULE_LINKER_FLAGS_RELEASE
CMAKE_MODULE_LINKER_FLAGS_RELEASE-ADVANCED:INTERNAL=1
//ADVANCED property for variable: CMAKE_MODULE_LINKER_FLAGS_RELWITHDEBINFO
CMAKE_MODULE_LINKER_FLAGS_RELWITHDEBINFO-ADVANCED:INTERNAL=1
//ADVANCED property for variable: CMAKE_NM
CMAKE_NM-ADVANCED:INTERNAL=1
//number of local generators
CMAKE_NUMBER_OF_MAKEFILES:INTERNAL=25
//ADVANCED property for variable: CMAKE_OBJCOPY
CMAKE_OBJCOPY-ADVANCED:INTERNAL=1
//ADVANCED property for variable: CMAKE_OBJDUMP
CMAKE_OBJDUMP-ADVANCED:INTERNAL=1
//Platform information initialized
CMAKE_PLATFORM_INFO_INITIALIZED:INTERNAL=1
//ADVANCED property for variable: CMAKE_RANLIB
CMAKE_RANLIB-ADVANCED:INTERNAL=1
//ADVANCED property for variable: CMAKE_READELF
CMAKE_READELF-ADVANCED:INTERNAL=1
//Path to CMake installation.
CMAKE_ROOT:INTERNAL=/usr/local/share/cmake-3.31
//ADVANCED property for variable: CMAKE_SHARED_LINKER_FLAGS
CMAKE_SHARED_LINKER_FLAGS-ADVANCED:INTERNAL=1
//ADVANCED property for variable: CMAKE_SHARED_LINKER_FLAGS_DEBUG
CMAKE_SHARED_LINKER_FLAGS_DEBUG-ADVANCED:INTERNAL=1
//ADVANCED property for variable: CMAKE_SHARED_LINKER_FLAGS_MINSIZEREL
CMAKE_SHARED_LINKER_FLAGS_MINSIZEREL-ADVANCED:INTERNAL=1
//ADVANCED property for variable: CMAKE_SHARED_LINKER_FLAGS_RELEASE
CMAKE_SHARED_LINKER_FLAGS_RELEASE-ADVANCED:INTERNAL=1
//ADVANCED property for variable: CMAKE_SHARED_LINKER_FLAGS_RELWITHDEBINFO
CMAKE_SHARED_LINKER_FLAGS_RELWITHDEBINFO-ADVANCED:INTERNAL=1
//ADVANCED property for variable: CMAKE_SKIP_INSTALL_RPATH
CMAKE_SKIP_INSTALL_RPATH-ADVANCED:INTERNAL=1
//ADVANCED property for variable: CMAKE_SKIP_RPATH
CMAKE_SKIP_RPATH-ADVANCED:INTERNAL=1
//ADVANCED property for variable: CMAKE_STATIC_LINKER_FLAGS
CMAKE_STATIC_LINKER_FLAGS-ADVANCED:INTERNAL=1
//ADVANCED property for variable: CMAKE_STATIC_LINKER_FLAGS_DEBUG
CMAKE_STATIC_LINKER_FLAGS_DEBUG-ADVANCED:INTERNAL=1
//ADVANCED property for variable: CMAKE_STATIC_LINKER_FLAGS_MINSIZEREL
CMAKE_STATIC_LINKER_FLAGS_MINSIZEREL-ADVANCED:INTERNAL=1
//ADVANCED property for variable: CMAKE_STATIC_LINKER_FLAGS_RELEASE
CMAKE_STATIC_LINKER_FLAGS_RELEASE-ADVANCED:INTERNAL=1
//ADVANCED property for variable: CMAKE_STATIC_LINKER_FLAGS_RELWITHDEBINFO
CMAKE_STATIC_LINKER_FLAGS_RELWITHDEBINFO-ADVANCED:INTERNAL=1
//ADVANCED property for variable: CMAKE_STRIP
CMAKE_STRIP-ADVANCED:INTERNAL=1
//ADVANCED property for variable: CMAKE_TAPI
CMAKE_TAPI-ADVANCED:INTERNAL=1
//uname command
CMAKE_UNAME:INTERNAL=/usr/bin/uname
//ADVANCED property for variable: CMAKE_VERBOSE_MAKEFILE
CMAKE_VERBOSE_MAKEFILE-ADVANCED:INTERNAL=1
//Result of TRY_COMPILE
COMPILE_HAVE_GNU_POSIX_REGEX:INTERNAL=FALSE
//Result of TRY_COMPILE
COMPILE_HAVE_POSIX_REGEX:INTERNAL=TRUE
//Result of TRY_COMPILE
COMPILE_HAVE_PTHREAD_AFFINITY:INTERNAL=TRUE
//Result of TRY_COMPILE
COMPILE_HAVE_STD_REGEX:INTERNAL=TRUE
//Result of TRY_COMPILE
COMPILE_HAVE_STEADY_CLOCK:INTERNAL=TRUE
//ADVANCED property for variable: COVERAGE_COMMAND
COVERAGE_COMMAND-ADVANCED:INTERNAL=1
//ADVANCED property for variable: COVERAGE_EXTRA_FLAGS
COVERAGE_EXTRA_FLAGS-ADVANCED:INTERNAL=1
//ADVANCED property for variable: CPACK_BINARY_DEB
CPACK_BINARY_DEB-ADVANCED:INTERNAL=1
//ADVANCED property for variable: CPACK_BINARY_FREEBSD
CPACK_BINARY_FREEBSD-ADVANCED:INTERNAL=1
//ADVANCED property for variable: CPACK_BINARY_IFW
CPACK_BINARY_IFW-ADVANCED:INTERNAL=1
//ADVANCED property for variable: CPACK_BINARY_NSIS
CPACK_BINARY_NSIS-ADVANCED:INTERNAL=1
//ADVANCED property for variable: CPACK_BINARY_RPM
CPACK_BINARY_RPM-ADVANCED:INTERNAL=1
//ADVANCED property for variable: CPACK_BINARY_STGZ
CPACK_BINARY_STGZ-ADVANCED:INTERNAL=1
//ADVANCED property for variable: CPACK_BINARY_TBZ2
CPACK_BINARY_TBZ2-ADVANCED:INTERNAL=1
//ADVANCED property for variable: CPACK_BINARY_TGZ
CPACK_BINARY_TGZ-ADVANCED:INTERNAL=1
//ADVANCED property for variable: CPACK_BINARY_TXZ
CPACK_BINARY_TXZ-ADVANCED:INTERNAL=1
//ADVANCED property for variable: CPACK_BINARY_TZ
CPACK_BINARY_TZ-ADVANCED:INTERNAL=1
//ADVANCED property for variable: CPACK_SOURCE_RPM
CPACK_SOURCE_RPM-ADVANCED:INTERNAL=1
//ADVANCED property for variable: CPACK_SOURCE_TBZ2
CPACK_SOURCE_TBZ2-ADVANCED:INTERNAL=1
//ADVANCED property for variable: CPACK_SOURCE_TGZ
CPACK_SOURCE_TGZ-ADVANCED:INTERNAL=1
//ADVANCED property for variable: CPACK_SOURCE_TXZ
CPACK_SOURCE_TXZ-ADVANCED:INTERNAL=1
//ADVANCED property for variable: CPACK_SOURCE_TZ
CPACK_SOURCE_TZ-ADVANCED:INTERNAL=1
//ADVANCED property for variable: CPACK_SOURCE_ZIP
CPACK_SOURCE_ZIP-ADVANCED:INTERNAL=1
//ADVANCED property for variable: CTEST_SUBMIT_RETRY_COUNT
CTEST_SUBMIT_RETRY_COUNT-ADVANCED:INTERNAL=1
//ADVANCED property for variable: CTEST_SUBMIT_RETRY_DELAY
CTEST_SUBMIT_RETRY_DELAY-ADVANCED:INTERNAL=1
//ADVANCED property for variable: CURSES_CURSES_LIBRARY
CURSES_CURSES_LIBRARY-ADVANCED:INTERNAL=1
//ADVANCED property for variable: CURSES_FORM_LIBRARY
CURSES_FORM_LIBRARY-ADVANCED:INTERNAL=1
//ADVANCED property for variable: CURSES_INCLUDE_PATH
CURSES_INCLUDE_PATH-ADVANCED:INTERNAL=1
//ADVANCED property for variable: CURSES_NCURSES_LIBRARY
CURSES_NCURSES_LIBRARY-ADVANCED:INTERNAL=1
CXXOPTS__VERSION_MAJOR:INTERNAL=3
CXXOPTS__VERSION_MINOR:INTERNAL=3
CXXOPTS__VERSION_PATCH:INTERNAL=1
//ADVANCED property for variable: DART_TESTING_TIMEOUT
DART_TESTING_TIMEOUT-ADVANCED:INTERNAL=1
//ADVANCED property for variable: DVIPDF_CONVERTER
DVIPDF_CONVERTER-ADVANCED:INTERNAL=1
//ADVANCED property for variable: DVIPS_CONVERTER
DVIPS_CONVERTER-ADVANCED:INTERNAL=1
//Details about finding Curses
FIND_PACKAGE_MESSAGE_DETAILS_Curses:INTERNAL=[/usr/lib/x86_64-linux-gnu/libcurses.so][/usr/include][v()]
//Details about finding Git
FIND_PACKAGE_MESSAGE_DETAILS_Git:INTERNAL=[/usr/bin/git][v2.51.0()]
//Details about finding Lua
FIND_PACKAGE_MESSAGE_DETAILS_Lua:INTERNAL=[liblua][/home/runner/work/ptusa_main/ptusa_main/deps/lua/lua/src;/home/runner/work/ptusa_main/ptusa_main/_codeql_build_dir/deps/lua/lua][v()]
//Details about finding PkgConfig
FIND_PACKAGE_MESSAGE_DETAILS_PkgConfig:INTERNAL=[/usr/bin/pkg-config][v1.8.1()]
//Details about finding Python3
FIND_PACKAGE_MESSAGE_DETAILS_Python3:INTERNAL=[/usr/bin/python3.12][cfound components: Interpreter ][v3.12.3()]
//Details about finding Threads
FIND_PACKAGE_MESSAGE_DETAILS_Threads:INTERNAL=[TRUE][v()]
//ADVANCED property for variable: GITCOMMAND
GITCOMMAND-ADVANCED:INTERNAL=1
//ADVANCED property for variable: GIT_EXECUTABLE
GIT_EXECUTABLE-ADVANCED:INTERNAL=1
//Test HAVE_CXX_FLAG_COVERAGE
HAVE_CXX_FLAG_COVERAGE:INTERNAL=1
//Test HAVE_CXX_FLAG_FSTRICT_ALIASING
HAVE_CXX_FLAG_FSTRICT_ALIASING:INTERNAL=1
//Test HAVE_CXX_FLAG_PEDANTIC
HAVE_CXX_FLAG_PEDANTIC:INTERNAL=1
//Test HAVE_CXX_FLAG_PEDANTIC_ERRORS
HAVE_CXX_FLAG_PEDANTIC_ERRORS:INTERNAL=1
//Test HAVE_CXX_FLAG_WALL
HAVE_CXX_FLAG_WALL:INTERNAL=1
//Test HAVE_CXX_FLAG_WCONVERSION
HAVE_CXX_FLAG_WCONVERSION:INTERNAL=1
//Test HAVE_CXX_FLAG_WERROR
HAVE_CXX_FLAG_WERROR:INTERNAL=1
//Test HAVE_CXX_FLAG_WEXTRA
HAVE_CXX_FLAG_WEXTRA:INTERNAL=1
//Test HAVE_CXX_FLAG_WFLOAT_EQUAL
HAVE_CXX_FLAG_WFLOAT_EQUAL:INTERNAL=1
//Test HAVE_CXX_FLAG_WNO_DEPRECATED
HAVE_CXX_FLAG_WNO_DEPRECATED:INTERNAL=1
//Test HAVE_CXX_FLAG_WNO_DEPRECATED_DECLARATIONS
HAVE_CXX_FLAG_WNO_DEPRECATED_DECLARATIONS:INTERNAL=1
//Test HAVE_CXX_FLAG_WOLD_STYLE_CAST
HAVE_CXX_FLAG_WOLD_STYLE_CAST:INTERNAL=1
//Test HAVE_CXX_FLAG_WSHADOW
HAVE_CXX_FLAG_WSHADOW:INTERNAL=1
//Test HAVE_CXX_FLAG_WSHORTEN_64_TO_32
HAVE_CXX_FLAG_WSHORTEN_64_TO_32:INTERNAL=
//Test HAVE_CXX_FLAG_WSTRICT_ALIASING
HAVE_CXX_FLAG_WSTRICT_ALIASING:INTERNAL=1
//Test HAVE_CXX_FLAG_WSUGGEST_OVERRIDE
HAVE_CXX_FLAG_WSUGGEST_OVERRIDE:INTERNAL=1
//Test HAVE_CXX_FLAG_WTHREAD_SAFETY
HAVE_CXX_FLAG_WTHREAD_SAFETY:INTERNAL=
//Have function fseeko
HAVE_FSEEKO:INTERNAL=1
//Have library rt
HAVE_LIB_RT:INTERNAL=1
//Result of TRY_COMPILE
HAVE_OFF64_T:INTERNAL=TRUE
//Have include stdarg.h
HAVE_STDARG_H:INTERNAL=1
//Have include stddef.h
HAVE_STDDEF_H:INTERNAL=1
//Have include stdint.h
HAVE_STDINT_H:INTERNAL=1
//Have include sys/types.h
HAVE_SYS_TYPES_H:INTERNAL=1
//Have include unistd.h
HAVE_UNISTD_H:INTERNAL=1
//Test HAVE___ATTR__VIS_HIDDEN
HAVE___ATTR__VIS_HIDDEN:INTERNAL=
//ADVANCED property for variable: HTLATEX_COMPILER
HTLATEX_COMPILER-ADVANCED:INTERNAL=1
//ADVANCED property for variable: LATEX2HTML_CONVERTER
LATEX2HTML_CONVERTER-ADVANCED:INTERNAL=1
//ADVANCED property for variable: LATEX_COMPILER
LATEX_COMPILER-ADVANCED:INTERNAL=1
//ADVANCED property for variable: LUALATEX_COMPILER
LUALATEX_COMPILER-ADVANCED:INTERNAL=1
//ADVANCED property for variable: LUA_EXECUTABLE
LUA_EXECUTABLE-ADVANCED:INTERNAL=1
//ADVANCED property for variable: LUA_LIBRARY
LUA_LIBRARY-ADVANCED:INTERNAL=1
//ADVANCED property for variable: MAKECOMMAND
MAKECOMMAND-ADVANCED:INTERNAL=1
//ADVANCED property for variable: MAKEINDEX_COMPILER
MAKEINDEX_COMPILER-ADVANCED:INTERNAL=1
//ADVANCED property for variable: MEMORYCHECK_COMMAND
MEMORYCHECK_COMMAND-ADVANCED:INTERNAL=1
//ADVANCED property for variable: MEMORYCHECK_SUPPRESSIONS_FILE
MEMORYCHECK_SUPPRESSIONS_FILE-ADVANCED:INTERNAL=1
NCURSES_CFLAGS:INTERNAL=-D_DEFAULT_SOURCE;-D_XOPEN_SOURCE=600
NCURSES_CFLAGS_I:INTERNAL=
NCURSES_CFLAGS_OTHER:INTERNAL=-D_DEFAULT_SOURCE;-D_XOPEN_SOURCE=600
NCURSES_FOUND:INTERNAL=1
NCURSES_INCLUDEDIR:INTERNAL=/usr/include
NCURSES_INCLUDE_DIRS:INTERNAL=
NCURSES_LDFLAGS:INTERNAL=-L/usr/lib/x86_64-linux-gnu;-lncurses;-ltinfo
NCURSES_LDFLAGS_OTHER:INTERNAL=
NCURSES_LIBDIR:INTERNAL=/usr/lib/x86_64-linux-gnu
NCURSES_LIBRARIES:INTERNAL=ncurses;tinfo
NCURSES_LIBRARY_DIRS:INTERNAL=/usr/lib/x86_64-linux-gnu
NCURSES_LIBS:INTERNAL=
NCURSES_LIBS_L:INTERNAL=
NCURSES_LIBS_OTHER:INTERNAL=
NCURSES_LIBS_PATHS:INTERNAL=
NCURSES_MODULE_NAME:INTERNAL=ncurses
NCURSES_PREFIX:INTERNAL=/usr
NCURSES_STATIC_CFLAGS:INTERNAL=-D_DEFAULT_SOURCE;-D_XOPEN_SOURCE=600
NCURSES_STATIC_CFLAGS_I:INTERNAL=
NCURSES_STATIC_CFLAGS_OTHER:INTERNAL=-D_DEFAULT_SOURCE;-D_XOPEN_SOURCE=600
NCURSES_STATIC_INCLUDE_DIRS:INTERNAL=
NCURSES_STATIC_LDFLAGS:INTERNAL=-L/usr/lib/x86_64-linux-gnu;-lncurses;-ltinfo;-ldl
NCURSES_STATIC_LDFLAGS_OTHER:INTERNAL=
NCURSES_STATIC_LIBDIR:INTERNAL=
NCURSES_STATIC_LIBRARIES:INTERNAL=ncurses;tinfo;dl
NCURSES_STATIC_LIBRARY_DIRS:INTERNAL=/usr/lib/x86_64-linux-gnu
NCURSES_STATIC_LIBS:INTERNAL=
NCURSES_STATIC_LIBS_L:INTERNAL=
NCURSES_STATIC_LIBS_OTHER:INTERNAL=
NCURSES_STATIC_LIBS_PATHS:INTERNAL=
NCURSES_VERSION:INTERNAL=6.4.20240113
NCURSES_ncurses_INCLUDEDIR:INTERNAL=
NCURSES_ncurses_LIBDIR:INTERNAL=
NCURSES_ncurses_PREFIX:INTERNAL=
NCURSES_ncurses_VERSION:INTERNAL=
//CHECK_TYPE_SIZE: sizeof(off64_t)
OFF64_T:INTERNAL=8
PC_READLINE_CFLAGS:INTERNAL=
PC_READLINE_CFLAGS_I:INTERNAL=
PC_READLINE_CFLAGS_OTHER:INTERNAL=
PC_READLINE_FOUND:INTERNAL=
PC_READLINE_INCLUDEDIR:INTERNAL=
PC_READLINE_LIBDIR:INTERNAL=
PC_READLINE_LIBS:INTERNAL=
PC_READLINE_LIBS_L:INTERNAL=
PC_READLINE_LIBS_OTHER:INTERNAL=
PC_READLINE_LIBS_PATHS:INTERNAL=
PC_READLINE_MODULE_NAME:INTERNAL=
PC_READLINE_PREFIX:INTERNAL=
PC_READLINE_STATIC_CFLAGS:INTERNAL=
PC_READLINE_STATIC_CFLAGS_I:INTERNAL=
PC_READLINE_STATIC_CFLAGS_OTHER:INTERNAL=
PC_READLINE_STATIC_LIBDIR:INTERNAL=
PC_READLINE_STATIC_LIBS:INTERNAL=
PC_READLINE_STATIC_LIBS_L:INTERNAL=
PC_READLINE_STATIC_LIBS_OTHER:INTERNAL=
PC_READLINE_STATIC_LIBS_PATHS:INTERNAL=
PC_READLINE_VERSION:INTERNAL=
PC_READLINE_readline_INCLUDEDIR:INTERNAL=
PC_READLINE_readline_LIBDIR:INTERNAL=
PC_READLINE_readline_PREFIX:INTERNAL=
PC_READLINE_readline_VERSION:INTERNAL=
//ADVANCED property for variable: PDFLATEX_COMPILER
PDFLATEX_COMPILER-ADVANCED:INTERNAL=1
//ADVANCED property for variable: PDFTOPS_CONVERTER
PDFTOPS_CONVERTER-ADVANCED:INTERNAL=1
//ADVANCED property for variable: PKG_CONFIG_ARGN
PKG_CONFIG_ARGN-ADVANCED:INTERNAL=1
//ADVANCED property for variable: PKG_CONFIG_EXECUTABLE
PKG_CONFIG_EXECUTABLE-ADVANCED:INTERNAL=1
//ADVANCED property for variable: PS2PDF_CONVERTER
PS2PDF_CONVERTER-ADVANCED:INTERNAL=1
//Result of try_run()
RUN_HAVE_POSIX_REGEX:INTERNAL=0
//Result of try_run()
RUN_HAVE_PTHREAD_AFFINITY:INTERNAL=0
//Result of try_run()
RUN_HAVE_STD_REGEX:INTERNAL=0
//Result of try_run()
RUN_HAVE_STEADY_CLOCK:INTERNAL=0
//ADVANCED property for variable: SITE
SITE-ADVANCED:INTERNAL=1
//ADVANCED property for variable: SPHINX_EXECUTABLE
SPHINX_EXECUTABLE-ADVANCED:INTERNAL=1
//STRINGS property for variable: UA_ARCHITECTURE
UA_ARCHITECTURE-STRINGS:INTERNAL=;none;posix;win32
//ADVANCED property for variable: UA_BUILD_FUZZING
UA_BUILD_FUZZING-ADVANCED:INTERNAL=1
//ADVANCED property for variable: UA_BUILD_FUZZING_CORPUS
UA_BUILD_FUZZING_CORPUS-ADVANCED:INTERNAL=1
//ADVANCED property for variable: UA_BUILD_OSS_FUZZ
UA_BUILD_OSS_FUZZ-ADVANCED:INTERNAL=1
//ADVANCED property for variable: UA_DEBUG
UA_DEBUG-ADVANCED:INTERNAL=1
//ADVANCED property for variable: UA_DEBUG_DUMP_PKGS
UA_DEBUG_DUMP_PKGS-ADVANCED:INTERNAL=1
//ADVANCED property for variable: UA_DEBUG_FILE_LINE_INFO
UA_DEBUG_FILE_LINE_INFO-ADVANCED:INTERNAL=1
//ADVANCED property for variable: UA_ENABLE_ALLOW_REUSEADDR
UA_ENABLE_ALLOW_REUSEADDR-ADVANCED:INTERNAL=1
//ADVANCED property for variable: UA_ENABLE_CERT_REJECTED_DIR
UA_ENABLE_CERT_REJECTED_DIR-ADVANCED:INTERNAL=1
//ADVANCED property for variable: UA_ENABLE_CLANG_COV
UA_ENABLE_CLANG_COV-ADVANCED:INTERNAL=1
//ADVANCED property for variable: UA_ENABLE_COVERAGE
UA_ENABLE_COVERAGE-ADVANCED:INTERNAL=1
//ADVANCED property for variable: UA_ENABLE_DEBUG_SANITIZER
UA_ENABLE_DEBUG_SANITIZER-ADVANCED:INTERNAL=1
//ADVANCED property for variable: UA_ENABLE_DETERMINISTIC_RNG
UA_ENABLE_DETERMINISTIC_RNG-ADVANCED:INTERNAL=1
//ADVANCED property for variable: UA_ENABLE_DISCOVERY_MULTICAST
UA_ENABLE_DISCOVERY_MULTICAST-ADVANCED:INTERNAL=1
//ADVANCED property for variable: UA_ENABLE_DISCOVERY_SEMAPHORE
UA_ENABLE_DISCOVERY_SEMAPHORE-ADVANCED:INTERNAL=1
//STRINGS property for variable: UA_ENABLE_ENCRYPTION
UA_ENABLE_ENCRYPTION-STRINGS:INTERNAL=OFF;MBEDTLS;OPENSSL;LIBRESSL
//ADVANCED property for variable: UA_ENABLE_ENCRYPTION_MBEDTLS
UA_ENABLE_ENCRYPTION_MBEDTLS-ADVANCED:INTERNAL=1
//ADVANCED property for variable: UA_ENABLE_ENCRYPTION_OPENSSL
UA_ENABLE_ENCRYPTION_OPENSSL-ADVANCED:INTERNAL=1
//STRINGS property for variable: UA_ENABLE_ENCRYPTION_TPM2
UA_ENABLE_ENCRYPTION_TPM2-STRINGS:INTERNAL=ON;OFF
//ADVANCED property for variable: UA_ENABLE_HARDENING
UA_ENABLE_HARDENING-ADVANCED:INTERNAL=1
//ADVANCED property for variable: UA_ENABLE_IMMUTABLE_NODES
UA_ENABLE_IMMUTABLE_NODES-ADVANCED:INTERNAL=1
//ADVANCED property for variable: UA_ENABLE_INLINABLE_EXPORT
UA_ENABLE_INLINABLE_EXPORT-ADVANCED:INTERNAL=1
//ADVANCED property for variable: UA_ENABLE_MALLOC_SINGLETON
UA_ENABLE_MALLOC_SINGLETON-ADVANCED:INTERNAL=1
//ADVANCED property for variable: UA_ENABLE_MQTT
UA_ENABLE_MQTT-ADVANCED:INTERNAL=1
//ADVANCED property for variable: UA_ENABLE_NODEMANAGEMENT
UA_ENABLE_NODEMANAGEMENT-ADVANCED:INTERNAL=1
//ADVANCED property for variable: UA_ENABLE_NODESET_COMPILER_DESCRIPTIONS
UA_ENABLE_NODESET_COMPILER_DESCRIPTIONS-ADVANCED:INTERNAL=1
//ADVANCED property for variable: UA_ENABLE_PARSING
UA_ENABLE_PARSING-ADVANCED:INTERNAL=1
//ADVANCED property for variable: UA_ENABLE_PUBSUB_BUFMALLOC
UA_ENABLE_PUBSUB_BUFMALLOC-ADVANCED:INTERNAL=1
//ADVANCED property for variable: UA_ENABLE_PUBSUB_ENCRYPTION
UA_ENABLE_PUBSUB_ENCRYPTION-ADVANCED:INTERNAL=1
//ADVANCED property for variable: UA_ENABLE_PUBSUB_FILE_CONFIG
UA_ENABLE_PUBSUB_FILE_CONFIG-ADVANCED:INTERNAL=1
//ADVANCED property for variable: UA_ENABLE_PUBSUB_MONITORING
UA_ENABLE_PUBSUB_MONITORING-ADVANCED:INTERNAL=1
//ADVANCED property for variable: UA_ENABLE_PUBSUB_SKS
UA_ENABLE_PUBSUB_SKS-ADVANCED:INTERNAL=1
//ADVANCED property for variable: UA_ENABLE_QUERY
UA_ENABLE_QUERY-ADVANCED:INTERNAL=1
//ADVANCED property for variable: UA_ENABLE_STATIC_ANALYZER
UA_ENABLE_STATIC_ANALYZER-ADVANCED:INTERNAL=1
//STRINGS property for variable: UA_ENABLE_STATIC_ANALYZER
UA_ENABLE_STATIC_ANALYZER-STRINGS:INTERNAL=OFF;MINIMAL;REDUCED;FULL
//ADVANCED property for variable: UA_ENABLE_STATUSCODE_DESCRIPTIONS
UA_ENABLE_STATUSCODE_DESCRIPTIONS-ADVANCED:INTERNAL=1
//ADVANCED property for variable: UA_ENABLE_SUBSCRIPTIONS_ALARMS_CONDITIONS
UA_ENABLE_SUBSCRIPTIONS_ALARMS_CONDITIONS-ADVANCED:INTERNAL=1
//ADVANCED property for variable: UA_ENABLE_TYPEDESCRIPTION
UA_ENABLE_TYPEDESCRIPTION-ADVANCED:INTERNAL=1
//ADVANCED property for variable: UA_ENABLE_UNIT_TESTS_MEMCHECK
UA_ENABLE_UNIT_TESTS_MEMCHECK-ADVANCED:INTERNAL=1
//ADVANCED property for variable: UA_FILE_NS0
UA_FILE_NS0-ADVANCED:INTERNAL=1
//ADVANCED property for variable: UA_FILE_NS0_BLACKLIST
UA_FILE_NS0_BLACKLIST-ADVANCED:INTERNAL=1
UA_FILE_NS0_PRIVATE:INTERNAL=/home/runner/work/ptusa_main/ptusa_main/deps/open62541/open62541/tools/schema/Opc.Ua.NodeSet2.Reduced.xml
//ADVANCED property for variable: UA_FORCE_32BIT
UA_FORCE_32BIT-ADVANCED:INTERNAL=1
//ADVANCED property for variable: UA_MSVC_FORCE_STATIC_CRT
UA_MSVC_FORCE_STATIC_CRT-ADVANCED:INTERNAL=1
//STRINGS property for variable: UA_NAMESPACE_ZERO
UA_NAMESPACE_ZERO-STRINGS:INTERNAL=MINIMAL;REDUCED;FULL
//UA_NODESET_NS0 header files
UA_NODESET_NS0_HEADERS:INTERNAL=/home/runner/work/ptusa_main/ptusa_main/_codeql_build_dir/deps/open62541/open62541/src_generated/open62541/namespace0_generated.h
//UA_NODESET_NS0 source files
UA_NODESET_NS0_SOURCES:INTERNAL=/home/runner/work/ptusa_main/ptusa_main/_codeql_build_dir/deps/open62541/open62541/src_generated/open62541/namespace0_generated.c
//UA_NODESET_NS0 target
UA_NODESET_NS0_TARGET:INTERNAL=open62541-generator-namespace
UA_SCHEMA_DIR:INTERNAL=/home/runner/work/ptusa_main/ptusa_main/deps/open62541/open62541/tools/schema
//transport header files
UA_TRANSPORT_HEADERS:INTERNAL=/home/runner/work/ptusa_main/ptusa_main/_codeql_build_dir/deps/open62541/open62541/src_generated/open62541/transport_generated.h;/home/runner/work/ptusa_main/ptusa_main/_codeql_build_dir/deps/open62541/open62541/src_generated/open62541/transport_generated_handling.h
//transport source files
UA_TRANSPORT_SOURCES:INTERNAL=/home/runner/work/ptusa_main/ptusa_main/_codeql_build_dir/deps/open62541/open62541/src_generated/open62541/transport_generated.c
//types header files
UA_TYPES_HEADERS:INTERNAL=/home/runner/work/ptusa_main/ptusa_main/_codeql_build_dir/deps/open62541/open62541/src_generated/open62541/types_generated.h;/home/runner/work/ptusa_main/ptusa_main/_codeql_build_dir/deps/open62541/open62541/src_generated/open62541/types_generated_handling.h
//types source files
UA_TYPES_SOURCES:INTERNAL=/home/runner/work/ptusa_main/ptusa_main/_codeql_build_dir/deps/open62541/open62541/src_generated/open62541/types_generated.c
//ADVANCED property for variable: XELATEX_COMPILER
XELATEX_COMPILER-ADVANCED:INTERNAL=1
//ADVANCED property for variable: XINDY_COMPILER
XINDY_COMPILER-ADVANCED:INTERNAL=1
//ADVANCED property for variable: ZLIB_CONF_WRITTEN
ZLIB_CONF_WRITTEN-ADVANCED:INTERNAL=1
//ADVANCED property for variable: ZLIB_PREFIX
ZLIB_PREFIX-ADVANCED:INTERNAL=1
//linker supports push/pop state
_CMAKE_CXX_LINKER_PUSHPOP_STATE_SUPPORTED:INTERNAL=TRUE
//linker supports push/pop state
_CMAKE_C_LINKER_PUSHPOP_STATE_SUPPORTED:INTERNAL=TRUE
//linker supports push/pop state
_CMAKE_LINKER_PUSHPOP_STATE_SUPPORTED:INTERNAL=TRUE
//CMAKE_INSTALL_PREFIX during last run
_GNUInstallDirs_LAST_CMAKE_INSTALL_PREFIX:INTERNAL=/usr/local
//Compiler reason failure
_Python3_Compiler_REASON_FAILURE:INTERNAL=
//Development reason failure
_Python3_Development_REASON_FAILURE:INTERNAL=
_Python3_EXECUTABLE:INTERNAL=/usr/bin/python3.12
//Python3 Properties
_Python3_INTERPRETER_PROPERTIES:INTERNAL=Python;3;12;3;64;32;<none>;cpython-312-x86_64-linux-gnu;abi3;/usr/lib/python3.12;/usr/lib/python3.12;/usr/local/lib/python3.12/dist-packages;/usr/local/lib/python3.12/dist-packages
_Python3_INTERPRETER_SIGNATURE:INTERNAL=f811b8a062a8994e96ffe87747bf9bfe
//NumPy reason failure
_Python3_NumPy_REASON_FAILURE:INTERNAL=
__pkg_config_arguments_NCURSES:INTERNAL=QUIET;ncurses
__pkg_config_checked_NCURSES:INTERNAL=1
__pkg_config_checked_PC_READLINE:INTERNAL=1
cmake_package_name:INTERNAL=GTest
//ADVANCED property for variable: gmock_build_tests
gmock_build_tests-ADVANCED:INTERNAL=1
//ADVANCED property for variable: gtest_build_samples
gtest_build_samples-ADVANCED:INTERNAL=1
//ADVANCED property for variable: gtest_build_tests
gtest_build_tests-ADVANCED:INTERNAL=1
//ADVANCED property for variable: gtest_disable_pthreads
gtest_disable_pthreads-ADVANCED:INTERNAL=1
//ADVANCED property for variable: gtest_force_shared_crt
gtest_force_shared_crt-ADVANCED:INTERNAL=1
//ADVANCED property for variable: gtest_hide_internal_symbols
gtest_hide_internal_symbols-ADVANCED:INTERNAL=1
//ADVANCED property for variable: pkgcfg_lib_NCURSES_ncurses
pkgcfg_lib_NCURSES_ncurses-ADVANCED:INTERNAL=1
//ADVANCED property for variable: pkgcfg_lib_NCURSES_tinfo
pkgcfg_lib_NCURSES_tinfo-ADVANCED:INTERNAL=1
prefix_result:INTERNAL=/usr/lib/x86_64-linux-gnu

